<?xml version="1.0" encoding="UTF-8"?>
<!-- Generated by org.testng.reporters.JUnitReportReporter -->
<testsuite hostname="LAPTOP-AGTQ7HI2" failures="0" tests="1" name="NeoStoxTeseCses.ValidateNeoStoxBalance" time="51.441" errors="0" timestamp="2022-12-19T19:33:26 EST" skipped="0">
  <testcase classname="NeoStoxTeseCses.ValidateNeoStoxBalance" name="validateAccountBalance" time="51.441"/>
  <system-out>
    <![CDATA[Waiting for 1000 miils
Getting actual fund
Waiting for 1000 miils
Getting actual fund
AC Balance is Rs.5,00,000.00]]>
  </system-out>
</testsuite> <!-- NeoStoxTeseCses.ValidateNeoStoxBalance -->
