<?xml version="1.0" encoding="UTF-8"?>
<!-- Generated by org.testng.reporters.JUnitReportReporter -->
<testsuite hostname="LAPTOP-AGTQ7HI2" failures="0" tests="2" name="NeoStoxTeseCses.ValidateNeoStoxUserNameAndBalance" time="100.712" errors="0" timestamp="2022-12-19T22:13:37 EST" skipped="0">
  <testcase classname="NeoStoxTeseCses.ValidateNeoStoxUserNameAndBalance" name="checkBalance" time="69.566"/>
  <system-out>
    <![CDATA[Waiting for 1000 miils
Getting actual fund]]>
  </system-out>
  <testcase classname="NeoStoxTeseCses.ValidateNeoStoxUserNameAndBalance" name="ValidateUserName" time="31.146"/>
  <system-out>
    <![CDATA[Getting User Name 
Entering Data From Excel 
Getting User Name 
Taking Screenshot ]]>
  </system-out>
</testsuite> <!-- NeoStoxTeseCses.ValidateNeoStoxUserNameAndBalance -->
