<?xml version="1.0" encoding="UTF-8"?>
<!-- Generated by org.testng.reporters.JUnitReportReporter -->
<testsuite hostname="LAPTOP-AGTQ7HI2" failures="0" tests="1" name="NeoStoxTeseCses.ValidateNeoStoxUserName" time="34.265" errors="0" timestamp="2022-12-19T19:14:37 EST" skipped="0">
  <testcase classname="NeoStoxTeseCses.ValidateNeoStoxUserName" name="validateUserName" time="34.265"/>
  <system-out>
    <![CDATA[Getting User Name 
Entering Data From Excel 
Getting User Name 
Taking Screenshot ]]>
  </system-out>
</testsuite> <!-- NeoStoxTeseCses.ValidateNeoStoxUserName -->
